1588605323428	mozrunner::runner	INFO	Running command: "C:\\Program Files\\Mozilla Firefox\\firefox.exe" "-marionette" "-foreground" "-no-remote" "-profile" "C:\\Users\\OLSISA~1\\AppData\\Local\\Temp\\rust_mozprofiledoABBR"
1588605324861	addons.webextension.doh-rollout@mozilla.org	WARN	Loading extension 'doh-rollout@mozilla.org': Reading manifest: Invalid extension permission: networkStatus
1588605326062	addons.webextension.screenshots@mozilla.org	WARN	Loading extension 'screenshots@mozilla.org': Reading manifest: Invalid extension permission: mozillaAddons
1588605326062	addons.webextension.screenshots@mozilla.org	WARN	Loading extension 'screenshots@mozilla.org': Reading manifest: Invalid extension permission: telemetry
1588605326063	addons.webextension.screenshots@mozilla.org	WARN	Loading extension 'screenshots@mozilla.org': Reading manifest: Invalid extension permission: resource://pdf.js/
1588605326063	addons.webextension.screenshots@mozilla.org	WARN	Loading extension 'screenshots@mozilla.org': Reading manifest: Invalid extension permission: about:reader*
JavaScript error: resource://gre/modules/XULStore.jsm, line 66: Error: Can't find profile directory.
1588605332675	addons.xpi	WARN	Addon with ID amazondotcom@search.mozilla.org already installed, older version will be disabled
1588605332678	addons.xpi-utils	WARN	Error: XPI database modified after shutdown began(resource://gre/modules/addons/XPIDatabase.jsm:1545:17) JS Stack trace: saveChanges@XPIDatabase.jsm:1545:17
makeAddonVisible@XPIDatabase.jsm:2348:10
addToDatabase@XPIDatabase.jsm:2275:12
install@XPIInstall.jsm:4320:27
update@XPIProvider.jsm:2074:13
1588605332679	addons.xpi-utils	WARN	Error: XPI database modified after shutdown began(resource://gre/modules/addons/XPIDatabase.jsm:1545:17) JS Stack trace: saveChanges@XPIDatabase.jsm:1545:17
addToDatabase@XPIDatabase.jsm:2278:10
install@XPIInstall.jsm:4320:27
update@XPIProvider.jsm:2074:13
1588605332859	addons.xpi	WARN	Addon with ID bing@search.mozilla.org already installed, older version will be disabled
1588605332861	addons.xpi-utils	WARN	Error: XPI database modified after shutdown began(resource://gre/modules/addons/XPIDatabase.jsm:1545:17) JS Stack trace: saveChanges@XPIDatabase.jsm:1545:17
makeAddonVisible@XPIDatabase.jsm:2348:10
addToDatabase@XPIDatabase.jsm:2275:12
install@XPIInstall.jsm:4320:27
update@XPIProvider.jsm:2074:13
1588605332862	addons.xpi-utils	WARN	Error: XPI database modified after shutdown began(resource://gre/modules/addons/XPIDatabase.jsm:1545:17) JS Stack trace: saveChanges@XPIDatabase.jsm:1545:17
addToDatabase@XPIDatabase.jsm:2278:10
install@XPIInstall.jsm:4320:27
update@XPIProvider.jsm:2074:13
JavaScript error: resource://gre/modules/ExtensionSettingsStore.jsm, line 123: Error: The ExtensionSettingsStore was accessed before the initialize promise resolved.
JavaScript error: resource://gre/modules/ExtensionSettingsStore.jsm, line 123: Error: The ExtensionSettingsStore was accessed before the initialize promise resolved.
JavaScript error: resource://gre/modules/DeferredTask.jsm, line 215: Error: Unable to arm timer, the object has been finalized.
JavaScript error: resource://gre/modules/DeferredTask.jsm, line 215: Error: Unable to arm timer, the object has been finalized.
JavaScript error: resource://gre/modules/DeferredTask.jsm, line 215: Error: Unable to arm timer, the object has been finalized.
JavaScript error: resource://gre/modules/DeferredTask.jsm, line 215: Error: Unable to arm timer, the object has been finalized.

###!!! [Child][MessageChannel::SendAndWait] Error: Channel error: cannot send/recv

1588605875729	mozrunner::runner	INFO	Running command: "C:\\Program Files\\Mozilla Firefox\\firefox.exe" "-marionette" "-foreground" "-no-remote" "-profile" "C:\\Users\\OLSISA~1\\AppData\\Local\\Temp\\rust_mozprofileWhYnV0"
1588605876557	addons.webextension.doh-rollout@mozilla.org	WARN	Loading extension 'doh-rollout@mozilla.org': Reading manifest: Invalid extension permission: networkStatus
1588605877710	addons.webextension.screenshots@mozilla.org	WARN	Loading extension 'screenshots@mozilla.org': Reading manifest: Invalid extension permission: mozillaAddons
1588605877711	addons.webextension.screenshots@mozilla.org	WARN	Loading extension 'screenshots@mozilla.org': Reading manifest: Invalid extension permission: telemetry
1588605877711	addons.webextension.screenshots@mozilla.org	WARN	Loading extension 'screenshots@mozilla.org': Reading manifest: Invalid extension permission: resource://pdf.js/
1588605877711	addons.webextension.screenshots@mozilla.org	WARN	Loading extension 'screenshots@mozilla.org': Reading manifest: Invalid extension permission: about:reader*
JavaScript error: resource://gre/modules/XULStore.jsm, line 66: Error: Can't find profile directory.
1588605882981	Marionette	INFO	Listening on port 58134
1588605883091	Marionette	WARN	TLS certificate errors will be ignored for this session
JavaScript warning: https://www.worldometers.info/coronavirus/country/us/, line 4693: unreachable code after return statement
JavaScript warning: https://www.worldometers.info/coronavirus/country/us/, line 4751: unreachable code after return statement
JavaScript error: https://cdn.datatables.net/1.10.19/js/jquery.dataTables.min.js, line 56: TypeError: f[0] is undefined
JavaScript warning: https://www.worldometers.info/coronavirus/country/us/, line 4693: unreachable code after return statement
JavaScript warning: https://www.worldometers.info/coronavirus/country/us/, line 4751: unreachable code after return statement
SourceActor threw an exception: Error: Failed to fetch https://asset.pagefair.com/measure.min.js. Code 2153390069.
Stack: onResponse@resource://devtools/shared/DevToolsUtils.js:568:16
onStopRequest@resource://gre/modules/NetUtil.jsm:128:18
Line: 568, column: 16
console.error: (new Error("Failed to fetch https://asset.pagefair.com/measure.min.js. Code 2153390069.", "resource://devtools/shared/DevToolsUtils.js", 568))
JavaScript error: https://cdn.datatables.net/1.10.19/js/jquery.dataTables.min.js, line 56: TypeError: f[0] is undefined
JavaScript error: resource://devtools/shared/DevToolsUtils.js, line 568: Error: Failed to fetch https://asset.pagefair.com/measure.min.js. Code 2153390069.
JavaScript error: https://cdn.datatables.net/1.10.19/js/jquery.dataTables.min.js, line 56: TypeError: f[0] is undefined
SourceActor threw an exception: [Exception... "Component returned failure code: 0x80470002 (NS_BASE_STREAM_CLOSED) [nsIInputStream.available]"  nsresult: "0x80470002 (NS_BASE_STREAM_CLOSED)"  location: "JS frame :: resource://devtools/shared/DevToolsUtils.js :: onResponse :: line 579"  data: no]
Stack: onResponse@resource://devtools/shared/DevToolsUtils.js:579:34
onStopRequest@resource://gre/modules/NetUtil.jsm:128:18
Line: 579, column: 0
console.error: ({})
JavaScript error: resource://devtools/shared/DevToolsUtils.js, line 579: NS_BASE_STREAM_CLOSED: Component returned failure code: 0x80470002 (NS_BASE_STREAM_CLOSED) [nsIInputStream.available]
JavaScript error: https://cdn.datatables.net/1.10.19/js/jquery.dataTables.min.js, line 56: TypeError: f[0] is undefined
JavaScript error: https://cdn.datatables.net/1.10.19/js/jquery.dataTables.min.js, line 56: TypeError: f[0] is undefined
JavaScript error: https://cdn.datatables.net/1.10.19/js/jquery.dataTables.min.js, line 56: TypeError: f[0] is undefined
JavaScript error: https://cdn.datatables.net/1.10.19/js/jquery.dataTables.min.js, line 56: TypeError: f[0] is undefined
JavaScript error: https://cdn.datatables.net/1.10.19/js/jquery.dataTables.min.js, line 56: TypeError: f[0] is undefined
JavaScript error: https://cdn.datatables.net/1.10.19/js/jquery.dataTables.min.js, line 56: TypeError: f[0] is undefined
JavaScript error: https://cdn.datatables.net/1.10.19/js/jquery.dataTables.min.js, line 56: TypeError: f[0] is undefined
console.error: "Error while calling actor 'layout's method 'getGrids'" "node is null"
console.error: "getGrids@resource://devtools/server/actors/layout.js:502:26\ngetGrids@resource://devtools/server/actors/layout.js:507:43\nhandler@resource://devtools/shared/protocol/Actor.js:154:37\nonPacket@resource://devtools/server/devtools-server-connection.js:380:58\nreceiveMessage@resource://devtools/shared/transport/child-transport.js:66:16\n"
console.error: "Error while calling actor 'layout's method 'getGrids'" "node is null"
console.error: "getGrids@resource://devtools/server/actors/layout.js:502:26\ngetGrids@resource://devtools/server/actors/layout.js:507:43\ngetGrids@resource://devtools/server/actors/layout.js:507:43\nhandler@resource://devtools/shared/protocol/Actor.js:154:37\nonPacket@resource://devtools/server/devtools-server-connection.js:380:58\nreceiveMessage@resource://devtools/shared/transport/child-transport.js:66:16\n"
console.error: "Error while calling actor 'layout's method 'getGrids'" "node is null"
console.error: "getGrids@resource://devtools/server/actors/layout.js:502:26\ngetGrids@resource://devtools/server/actors/layout.js:507:43\nhandler@resource://devtools/shared/protocol/Actor.js:154:37\nonPacket@resource://devtools/server/devtools-server-connection.js:380:58\nreceiveMessage@resource://devtools/shared/transport/child-transport.js:66:16\n"
console.error: "Error while calling actor 'layout's method 'getGrids'" "node is null"
console.error: "getGrids@resource://devtools/server/actors/layout.js:502:26\ngetGrids@resource://devtools/server/actors/layout.js:507:43\nhandler@resource://devtools/shared/protocol/Actor.js:154:37\nonPacket@resource://devtools/server/devtools-server-connection.js:380:58\nreceiveMessage@resource://devtools/shared/transport/child-transport.js:66:16\n"
console.error: "Error while calling actor 'layout's method 'getGrids'" "node is null"
console.error: "getGrids@resource://devtools/server/actors/layout.js:502:26\ngetGrids@resource://devtools/server/actors/layout.js:507:43\ngetGrids@resource://devtools/server/actors/layout.js:507:43\nhandler@resource://devtools/shared/protocol/Actor.js:154:37\nonPacket@resource://devtools/server/devtools-server-connection.js:380:58\nreceiveMessage@resource://devtools/shared/transport/child-transport.js:66:16\n"
console.error: "Error while calling actor 'layout's method 'getGrids'" "node is null"
console.error: "getGrids@resource://devtools/server/actors/layout.js:502:26\ngetGrids@resource://devtools/server/actors/layout.js:507:43\ngetGrids@resource://devtools/server/actors/layout.js:507:43\nhandler@resource://devtools/shared/protocol/Actor.js:154:37\nonPacket@resource://devtools/server/devtools-server-connection.js:380:58\nreceiveMessage@resource://devtools/shared/transport/child-transport.js:66:16\n"
console.error: "Error while calling actor 'layout's method 'getGrids'" "node is null"
console.error: "getGrids@resource://devtools/server/actors/layout.js:502:26\ngetGrids@resource://devtools/server/actors/layout.js:507:43\ngetGrids@resource://devtools/server/actors/layout.js:507:43\nhandler@resource://devtools/shared/protocol/Actor.js:154:37\nonPacket@resource://devtools/server/devtools-server-connection.js:380:58\nreceiveMessage@resource://devtools/shared/transport/child-transport.js:66:16\n"
console.error: "Error while calling actor 'layout's method 'getGrids'" "node is null"
console.error: "getGrids@resource://devtools/server/actors/layout.js:502:26\ngetGrids@resource://devtools/server/actors/layout.js:507:43\ngetGrids@resource://devtools/server/actors/layout.js:507:43\nhandler@resource://devtools/shared/protocol/Actor.js:154:37\nonPacket@resource://devtools/server/devtools-server-connection.js:380:58\nreceiveMessage@resource://devtools/shared/transport/child-transport.js:66:16\n"
JavaScript error: https://cdn.datatables.net/1.10.19/js/jquery.dataTables.min.js, line 56: TypeError: f[0] is undefined
JavaScript error: https://cdn.datatables.net/1.10.19/js/jquery.dataTables.min.js, line 56: TypeError: f[0] is undefined
JavaScript error: https://cdn.datatables.net/1.10.19/js/jquery.dataTables.min.js, line 56: TypeError: f[0] is undefined
JavaScript error: https://cdn.datatables.net/1.10.19/js/jquery.dataTables.min.js, line 56: TypeError: f[0] is undefined
JavaScript error: https://cdn.datatables.net/1.10.19/js/jquery.dataTables.min.js, line 56: TypeError: f[0] is undefined
JavaScript error: https://cdn.datatables.net/1.10.19/js/jquery.dataTables.min.js, line 56: TypeError: f[0] is undefined
JavaScript error: https://cdn.datatables.net/1.10.19/js/jquery.dataTables.min.js, line 56: TypeError: f[0] is undefined
JavaScript error: resource://gre/actors/AutoCompleteChild.jsm, line 196: Error: Invalid autocomplete selectedIndex
JavaScript error: https://eus.rubiconproject.com/usync.html?gdpr=0&gdpr_consent=, line 12: SecurityError: The operation is insecure.
1588606169664	Marionette	INFO	Stopped listening on port 58134

###!!! [Child][RunMessage] Error: Channel closing: too late to send/recv, messages will be lost

nsion 'doh-rollout@mozilla.org': Reading manifest: Invalid extension permission: networkStatus
1588606150209	addons.webextension.screenshots@mozilla.org	WARN	Loading extension 'screenshots@mozilla.org': Reading manifest: Invalid extension permission: mozillaAddons
1588606150209	addons.webextension.screenshots@mozilla.org	WARN	Loading extension 'screenshots@mozilla.org': Reading manifest: Invalid extension permission: telemetry
1588606150210	addons.webextension.screenshots@mozilla.org	WARN	Loading extension 'screenshots@mozilla.org': Reading manifest: Invalid extension permission: resource://pdf.js/
1588606150210	addons.webextension.screenshots@mozilla.org	WARN	Loading extension 'screenshots@mozilla.org': Reading manifest: Invalid extension permission: about:reader*
JavaScript error: resource://gre/modules/XULStore.jsm, line 66: Error: Can't find profile directory.
1588606155319	Marionette	INFO	Listening on port 58326
1588606155434	Marionette	WARN	TLS certificate errors will be ignored for this session
JavaScript warning: https://www.worldometers.info/coronavirus/country/us/, line 4694: unreachable code after return statement
JavaScript warning: https://www.worldometers.info/coronavirus/country/us/, line 4752: unreachable code after return statement

###!!! [Child][RunMessage] Error: Channel closing: too late to send/recv, messages will be lost

1588606169527	Marionette	INFO	Stopped listening on port 58326

###!!! [Child][RunMessage] Error: Channel closing: too late to send/recv, messages will be lost


###!!! [Child][MessageChannel::SendAndWait] Error: Channel error: cannot send/recv

1588606188254	mozrunner::runner	INFO	Running command: "C:\\Program Files\\Mozilla Firefox\\firefox.exe" "-marionette" "-foreground" "-no-remote" "-profile" "C:\\Users\\OLSISA~1\\AppData\\Local\\Temp\\rust_mozprofileOkawnM"
1588606189158	addons.webextension.doh-rollout@mozilla.org	WARN	Loading extension 'doh-rollout@mozilla.org': Reading manifest: Invalid extension permission: networkStatus
1588606190290	addons.webextension.screenshots@mozilla.org	WARN	Loading extension 'screenshots@mozilla.org': Reading manifest: Invalid extension permission: mozillaAddons
1588606190291	addons.webextension.screenshots@mozilla.org	WARN	Loading extension 'screenshots@mozilla.org': Reading manifest: Invalid extension permission: telemetry
1588606190291	addons.webextension.screenshots@mozilla.org	WARN	Loading extension 'screenshots@mozilla.org': Reading manifest: Invalid extension permission: resource://pdf.js/
1588606190291	addons.webextension.screenshots@mozilla.org	WARN	Loading extension 'screenshots@mozilla.org': Reading manifest: Invalid extension permission: about:reader*
JavaScript error: resource://gre/modules/XULStore.jsm, line 66: Error: Can't find profile directory.
1588606195108	Marionette	INFO	Listening on port 58472
1588606195608	Marionette	WARN	TLS certificate errors will be ignored for this session
JavaScript warning: https://www.worldometers.info/coronavirus/country/us/, line 4693: unreachable code after return statement
JavaScript warning: https://www.worldometers.info/coronavirus/country/us/, line 4751: unreachable code after return statement
JavaScript warning: https://www.google.com/xjs/_/js/k=xjs.s.en_US.kZCXeFq0qpY.O/ck=xjs.s.STP4b-ao6RM.L.F4.O/m=Fkg7bd,HcFEGb,IvlUe,MC8mtf,OF7gzc,RMhBfe,T4BAC,TJw5qb,TbaHGc,Y33vzc,ZyRBae,cdos,cr,hsm,iDPoPb,jsa,mvYTse,tg8oTe,uz938c,vWNDde,ws9Tlc,yQ43ff,d,csi/am=AkAAAACwBGDWDQDnfxAAvAvKOAAAQICWCDYWSCESEgIQgC0sAEA/d=1/dg=2/ct=zgms/rs=ACT90oGowy_BpL_mRQCuR2ySzEdrM9yJ1Q, line 405: Script terminated by timeout at:
s_.h2@https://www.google.com/xjs/_/js/k=xjs.s.en_US.kZCXeFq0qpY.O/ck=xjs.s.STP4b-ao6RM.L.F4.O/m=Fkg7bd,HcFEGb,IvlUe,MC8mtf,OF7gzc,RMhBfe,T4BAC,TJw5qb,TbaHGc,Y33vzc,ZyRBae,cdos,cr,hsm,iDPoPb,jsa,mvYTse,tg8oTe,uz938c,vWNDde,ws9Tlc,yQ43ff,d,csi/am=AkAAAACwBGDWDQDnfxAAvAvKOAAAQICWCDYWSCESEgIQgC0sAEA/d=1/dg=2/ct=zgms/rs=ACT90oGowy_BpL_mRQCuR2ySzEdrM9yJ1Q:405:66
s_.dispatchEvent@https://www.google.com/xjs/_/js/k=xjs.s.en_US.kZCXeFq0qpY.O/ck=xjs.s.STP4b-ao6RM.L.F4.O/m=Fkg7bd,HcFEGb,IvlUe,MC8mtf,OF7gzc,RMhBfe,T4BAC,TJw5qb,TbaHGc,Y33vzc,ZyRBae,cdos,cr,hsm,iDPoPb,jsa,mvYTse,tg8oTe,uz938c,vWNDde,ws9Tlc,yQ43ff,d,csi/am=AkAAAACwBGDWDQDnfxAAvAvKOAAAQICWCDYWSCESEgIQgC0sAEA/d=1/dg=2/ct=zgms/rs=ACT90oGowy_BpL_mRQCuR2ySzEdrM9yJ1Q:403:384
s_v_.prototype.Aa@https://www.google.com/xjs/_/js/k=xjs.s.en_US.kZCXeFq0qpY.O/ck=xjs.s.STP4b-ao6RM.L.F4.O/am=AkAAAACwBGDWDQDnfxAAvAvKOAAAQICWCDYWSCESEgIQgC0sAEA/d=1/exm=Fkg7bd,HcFEGb,IvlUe,MC8mtf,OF7gzc,RMhBfe,T4BAC,TJw5qb,TbaHGc,Y33vzc,ZyRBae,cdos,cr,csi,d,hsm,iDPoPb,jsa,mvYTse,tg8oTe,uz938c,vWNDde,ws9Tlc,yQ43ff/ed=1/dg=2/ct=zgms/rs=ACT90oGowy_BpL_mRQCuR2ySzEdrM9yJ1Q/m=MkHyGd,NBZ7u,NpD4ec,OG6ZHd,RqxLvf,T6sTsf,T7XTS,TxZWcc,URQPYc,Wq6lxf,XMgU6d,aCZVp,aa,aam1T,abd,async,bgd,dvl,eN4qad,exdc,foot,iD8Yk,kyn,lazG7b,lu,m,mI3LFb,mUpTid,mpck,mu,o02Jie,pB6Zqd,qik19b,rHjpXd,sb_wiz,sf,tl,uiNkee,vdwa,vs,xz7cCd,zbML3c?xjs=s1:129:221
s_bha@https://www.google.com/xjs/_/js/k=xjs.s.en_US.kZCXeFq0qpY.O/ck=xjs.s.STP4b-ao6RM.L.F4.O/m=Fkg7bd,HcFEGb,IvlUe,MC8mtf,OF7gzc,RMhBfe,T4BAC,TJw5qb,TbaHGc,Y33vzc,ZyRBae,cdos,cr,hsm,iDPoPb,jsa,mvYTse,tg8oTe,uz938c,vWNDde,ws9Tlc,yQ43ff,d,csi/am=AkAAAACwBGDWDQDnfxAAvAvKOAAAQICWCDYWSCESEgIQgC0sAEA/d=1/dg=2/ct=zgms/rs=ACT90oGowy_BpL_mRQCuR2ySzEdrM9yJ1Q:263:243
s_$ga@https://www.google.com/xjs/_/js/k=xjs.s.en_US.kZCXeFq0qpY.O/ck=xjs.s.STP4b-ao6RM.L.F4.O/m=Fkg7bd,HcFEGb,IvlUe,MC8mtf,OF7gzc,RMhBfe,T4BAC,TJw5qb,TbaHGc,Y33vzc,ZyRBae,cdos,cr,hsm,iDPoPb,jsa,mvYTse,tg8oTe,uz938c,vWNDde,ws9Tlc,yQ43ff,d,csi/am=AkAAAACwBGDWDQDnfxAAvAvKOAAAQICWCDYWSCESEgIQgC0sAEA/d=1/dg=2/ct=zgms/rs=ACT90oGowy_BpL_mRQCuR2ySzEdrM9yJ1Q:264:249
s_8ga/b<@https://www.google.com/xjs/_/js/k=xjs.s.en_US.kZCXeFq0qpY.O/ck=xjs.s.STP4b-ao6RM.L.F4.O/m=Fkg7bd,HcFEGb,IvlUe,MC8mtf,OF7gzc,RMhBfe,T4BAC,TJw5qb,TbaHGc,Y33vzc,ZyRBae,cdos,cr,hsm,iDPoPb,jsa,mvYTse,tg8oTe,uz938c,vWNDde,ws9Tlc,yQ43ff,d,csi/am=AkAAAACwBGDWDQDnfxAAvAvKOAAAQICWCDYWSCESEgIQgC0sAEA/d=1/dg=2/ct=zgms/rs=ACT90oGowy_BpL_mRQCuR2ySzEdrM9yJ1Q:260:277

1588606321271	mozrunner::runner	INFO	Running command: "C:\\Program Files\\Mozilla Firefox\\firefox.exe" "-marionette" "-foreground" "-no-remote" "-profile" "C:\\Users\\OLSISA~1\\AppData\\Local\\Temp\\rust_mozprofileNwwrc1"
1588606322196	addons.webextension.doh-rollout@mozilla.org	WARN	Loading extension 'doh-rollout@mozilla.org': Reading manifest: Invalid extension 1588606322265	Marionette	IN1588606323277	addons.webextension.screenshots@mozilla.org	WARN	Loading extension 'screenshots@mozilla.org': Reading manifest: Invalid extension permission: mozillaAddons
1588606323277	addons.webextension.screenshots@mozilla.org	WARN	Loading extension 'screenshots@mozilla.org': Reading manifest: Invalid extension permission: telemetry
1588606323278	addons.webextension.screenshots@mozilla.org	WARN	Loading extension 'screenshots@mozilla.org': Reading manifest: Invalid extension permission: resource://pdf.js/
1588606323278	addons.webextension.screenshots@mozilla.org	WARN	Loading extension 'screenshots@mozilla.org': Reading manifest: Invalid extension permission: about:reader*
JavaScript error: resource://gre/modules/XULStore.jsm, line 66: Error: Can't find profile directory.
1588606327665	Marionette	INFO	Listening on port 58698
1588606328100	Marionette	WARN	TLS certificate errors will be ignored for this session
JavaScript warning: https://www.worldometers.info/coronavirus/country/us/, line 4691: unreachable code after return statement
JavaScript warning: https://www.worldometers.info/coronavirus/country/us/, line 4749: unreachable code after return statement
JavaScript error: https://cdn.datatables.net/1.10.19/js/jquery.dataTables.min.js, line 56: TypeError: f[0] is undefined
JavaScript warning: https://www.worldometers.info/coronavirus/country/us/, line 4691: unreachable code after return statement
JavaScript warning: https://www.worldometers.info/coronavirus/country/us/, line 4749: unreachable code after return statement
SourceActor threw an exception: Error: Failed to fetch https://asset.pagefair.com/measure.min.js. Code 2153390069.
Stack: onResponse@resource://devtools/shared/DevToolsUtils.js:568:16
onStopRequest@resource://gre/modules/NetUtil.jsm:128:18
Line: 568, column: 16
console.error: (new Error("Failed to fetch https://asset.pagefair.com/measure.min.js. Code 2153390069.", "resource://devtools/shared/DevToolsUtils.js", 568))
JavaScript error: resource://devtools/shared/DevToolsUtils.js, line 568: Error: Failed to fetch https://asset.pagefair.com/measure.min.js. Code 2153390069.
SourceActor threw an exception: [Exception... "Component returned failure code: 0x80470002 (NS_BASE_STREAM_CLOSED) [nsIInputStream.available]"  nsresult: "0x80470002 (NS_BASE_STREAM_CLOSED)"  location: "JS frame :: resource://devtools/shared/DevToolsUtils.js :: onResponse :: line 579"  data: no]
Stack: onResponse@resource://devtools/shared/DevToolsUtils.js:579:34
onStopRequest@resource://gre/modules/NetUtil.jsm:128:18
Line: 579, column: 0
console.error: ({})
JavaScript error: resource://devtools/shared/DevToolsUtils.js, line 579: NS_BASE_STREAM_CLOSED: Component returned failure code: 0x80470002 (NS_BASE_STREAM_CLOSED) [nsIInputStream.available]
JavaScript error: resource://gre/actors/AutoCompleteChild.jsm, line 196: Error: Invalid autocomplete selectedIndex
1588606389866	mozrunner::runner	INFO	Running command: "C:\\Program Files\\Mozilla Firefox\\firefox.exe" "-marionette" "-foreground" "-no-remote" "-profile" "C:\\Users\\OLSISA~1\\AppData\\Local\\Temp\\rust_mozprofile63Lqhz"
1588606390678	addons.webextension.doh-rollout@mozilla.org	WARN	Loading extension 'doh-rollout@mozilla.org': Reading manifest: Invalid extension permission: networkStatus
1588606391811	addons.webextension.screenshots@mozilla.org	WARN	Loading extension 'screenshots@mozilla.org': Reading manifest: Invalid extension permission: mozillaAddons
1588606391812	addons.webextension.screenshots@mozilla.org	WARN	Loading extension 'screenshots@mozilla.org': Reading manifest: Invalid extension permission: telemetry
1588606391812	addons.webextension.screenshots@mozilla.org	WARN	Loading extension 'screenshots@mozilla.org': Reading manifest: Invalid extension permission: resource://pdf.js/
1588606391812	addons.webextension.screenshots@mozilla.org	WARN	Loading extension 'screenshots@mozilla.org': Reading manifest: Invalid extension permission: about:reader*
JavaScript error: resource://gre/modules/XULStore.jsm, line 66: Error: Can't find profile directory.
1588606395881	Marionette	INFO	Listening on port 58887
1588606396089	Marionette	WARN	TLS certificate errors will be ignored for this session
JavaScript warning: https://www.worldometers.info/coronavirus/country/us/, line 4690: unreachable code after return statement
JavaScript warning: https://www.worldometers.info/coronavirus/country/us/, line 4748: unreachable code after return statement
JavaScript error: https://cdn.datatables.net/1.10.19/js/jquery.dataTables.min.js, line 56: TypeError: f[0] is undefined
JavaScript warning: https://www.worldometers.info/coronavirus/country/us/, line 4690: unreachable code after return statement
JavaScript warning: https://www.worldometers.info/coronavirus/country/us/, line 4748: unreachable code after return statement
SourceActor threw an exception: [Exception... "Component returned failure code: 0x80470002 (NS_BASE_STREAM_CLOSED) [nsIInputStream.available]"  nsresult: "0x80470002 (NS_BASE_STREAM_CLOSED)"  location: "JS frame :: resource://devtools/shared/DevToolsUtils.js :: onResponse :: line 579"  data: no]
Stack: onResponse@resource://devtools/shared/DevToolsUtils.js:579:34
onStopRequest@resource://gre/modules/NetUtil.jsm:128:18
Line: 579, column: 0
console.error: ({})
JavaScript error: resource://devtools/shared/DevToolsUtils.js, line 579: NS_BASE_STREAM_CLOSED: Component returned failure code: 0x80470002 (NS_BASE_STREAM_CLOSED) [nsIInputStream.available]
console.error: "Error while calling actor 'layout's method 'getGrids'" "node is null"
console.error: "getGrids@resource://devtools/server/actors/layout.js:502:26\ngetGrids@resource://devtools/server/actors/layout.js:507:43\nhandler@resource://devtools/shared/protocol/Actor.js:154:37\nonPacket@resource://devtools/server/devtools-server-connection.js:380:58\nreceiveMessage@resource://devtools/shared/transport/child-transport.js:66:16\n"
console.error: "Error while calling actor 'layout's method 'getGrids'" "node is null"
console.error: "getGrids@resource://devtools/server/actors/layout.js:502:26\ngetGrids@resource://devtools/server/actors/layout.js:507:43\nhandler@resource://devtools/shared/protocol/Actor.js:154:37\nonPacket@resource://devtools/server/devtools-server-connection.js:380:58\nreceiveMessage@resource://devtools/shared/transport/child-transport.js:66:16\n"
console.error: "Error while calling actor 'layout's method 'getGrids'" "node is null"
console.error: "getGrids@resource://devtools/server/actors/layout.js:502:26\ngetGrids@resource://devtools/server/actors/layout.js:507:43\ngetGrids@resource://devtools/server/actors/layout.js:507:43\nhandler@resource://devtools/shared/protocol/Actor.js:154:37\nonPacket@resource://devtools/server/devtools-server-connection.js:380:58\nreceiveMessage@resource://devtools/shared/transport/child-transport.js:66:16\n"
console.error: "Error while calling actor 'layout's method 'getGrids'" "node is null"
console.error: "getGrids@resource://devtools/server/actors/layout.js:502:26\ngetGrids@resource://devtools/server/actors/layout.js:507:43\ngetGrids@resource://devtools/server/actors/layout.js:507:43\nhandler@resource://devtools/shared/protocol/Actor.js:154:37\nonPacket@resource://devtools/server/devtools-server-connection.js:380:58\nreceiveMessage@resource://devtools/shared/transport/child-transport.js:66:16\n"
console.error: "Error while calling actor 'layout's method 'getGrids'" "node is null"
console.error: "getGrids@resource://devtools/server/actors/layout.js:502:26\ngetGrids@resource://devtools/server/actors/layout.js:507:43\ngetGrids@resource://devtools/server/actors/layout.js:507:43\nhandler@resource://devtools/shared/protocol/Actor.js:154:37\nonPacket@resource://devtools/server/devtools-server-connection.js:380:58\nreceiveMessage@resource://devtools/shared/transport/child-transport.js:66:16\n"
JavaScript error: resource://gre/actors/AutoCompleteChild.jsm, line 196: Error: Invalid autocomplete selectedIndex
JavaScript error: https://eus.rubiconproject.com/usync.html?gdpr=0&gdpr_consent=, line 12: SecurityError: The operation is insecure.

###!!! [Child][RunMessage] Error: Channel closing: too late to send/recv, messages will be lost

1588608361346	Marionette	INFO	Stopped listening on port 58887

###!!! [Child][RunMessage] Error: Channel closing: too late to send/recv, messages will be lost


###!!! [Child][MessageChannel::SendAndWait] Error: Channel error: cannot send/recv

@mozilla.org': Reading manifest: Invalid extension permission: mozillaAddons
1588607038604	addons.webextension.screenshots@mozilla.org	WARN	Loading extension 'screenshots@mozilla.org': Reading manifest: Invalid extension permission: telemetry
1588607038604	addons.webextension.screenshots@mozilla.org	WARN	Loading extension 'screenshots@mozilla.org': Reading manifest: Invalid extension permission: resource://pdf.js/
1588607038605	addons.webextension.screenshots@mozilla.org	WARN	Loading extension 'screenshots@mozilla.org': Reading manifest: Invalid extension permission: about:reader*
JavaScript error: resource://gre/modules/XULStore.jsm, line 66: Error: Can't find profile directory.
1588607043448	Marionette	INFO	Listening on port 59392
1588607043498	Marionette	WARN	TLS certificate errors will be ignored for this session
JavaScript warning: https://www.worldometers.info/coronavirus/country/us/, line 4690: unreachable code after return statement
JavaScript warning: https://www.worldometers.info/coronavirus/country/us/, line 4748: unreachable code after return statement
JavaScript error: https://eus.rubiconproject.com/usync.html?gdpr=0&gdpr_consent=, line 12: SecurityError: The operation is insecure.
1588608362275	Marionette	INFO	Stopped listening on port 59392

###!!! [Child][RunMessage] Error: Channel closing: too late to send/recv, messages will be lost

nsion 'doh-rollout@mozilla.org': Reading manifest: Invalid extension permission: networkStatus
1588607230012	addons.webextension.screenshots@mozilla.org	WARN	Loading extension 'screenshots@mozilla.org': Reading manifest: Invalid extension permission: mozillaAddons
1588607230012	addons.webextension.screenshots@mozilla.org	WARN	Loading extension 'screenshots@mozilla.org': Reading manifest: Invalid extension permission: telemetry
1588607230012	addons.webextension.screenshots@mozilla.org	WARN	Loading extension 'screenshots@mozilla.org': Reading manifest: Invalid extension permission: resource://pdf.js/
1588607230013	addons.webextension.screenshots@mozilla.org	WARN	Loading extension 'screenshots@mozilla.org': Reading manifest: Invalid extension permission: about:reader*
JavaScript error: resource://gre/modules/XULStore.jsm, line 66: Error: Can't find profile directory.
1588607234859	Marionette	INFO	Listening on port 59549
1588607235333	Marionette	WARN	TLS certificate errors will be ignored for this session
JavaScript warning: https://www.worldometers.info/coronavirus/country/us/, line 4691: unreachable code after return statement
JavaScript warning: https://www.worldometers.info/coronavirus/country/us/, line 4749: unreachable code after return statement
JavaScript error: https://eus.rubiconproject.com/usync.html?gdpr=0&gdpr_consent=, line 12: SecurityError: The operation is insecure.

###!!! [Child][RunMessage] Error: Channel closing: too late to send/recv, messages will be lost

1588608363889	Marionette	INFO	Stopped listening on port 59549

###!!! [Child][RunMessage] Error: Channel closing: too late to send/recv, messages will be lost

[Parent 9512, Gecko_IOThread] WARNING: pipe error: 232: file Z:/task_1585933993/build/src/ipc/chromium/src/chrome/common/ipc_channel_win.cc, line 514
